<?xml version="1.0" encoding="UTF-8"?>
<!-- Generated by org.testng.reporters.JUnitXMLReporter -->
<testsuite ignored="0" hostname="DESKTOP-K0SRPQN" failures="0" tests="6" name="class" time="202.701" errors="0" timestamp="2020-05-26T20:37:04 IST">
  <testcase classname="Demp.Maven.IndianStateFileTest" name="@BeforeTest navUrl" time="18.512">
    <failure type="org.openqa.selenium.NoSuchWindowException" message="no such window: target window already closed
from unknown error: web view not found
  (Session info: chrome=81.0.4044.138)
Build info: version: &amp;apos;3.141.59&amp;apos;, revision: &amp;apos;e82be7d358&amp;apos;, time: &amp;apos;2018-11-14T08:17:03&amp;apos;
System info: host: &amp;apos;DESKTOP-K0SRPQN&amp;apos;, ip: &amp;apos;192.168.87.1&amp;apos;, os.name: &amp;apos;Windows 10&amp;apos;, os.arch: &amp;apos;amd64&amp;apos;, os.version: &amp;apos;10.0&amp;apos;, java.version: &amp;apos;11.0.2&amp;apos;
Driver info: org.openqa.selenium.chrome.ChromeDriver
Capabilities {acceptInsecureCerts: false, browserName: chrome, browserVersion: 81.0.4044.138, chrome: {chromedriverVersion: 80.0.3987.106 (f68069574609..., userDataDir: C:\Users\dell\AppData\Local...}, goog:chromeOptions: {debuggerAddress: localhost:1944}, javascriptEnabled: true, networkConnectionEnabled: false, pageLoadStrategy: normal, platform: WINDOWS, platformName: WINDOWS, proxy: Proxy(), setWindowRect: true, strictFileInteractability: false, timeouts: {implicit: 0, pageLoad: 300000, script: 30000}, unhandledPromptBehavior: dismiss and notify}
Session ID: db6d9b00832ad8f415b2ae0e3b4a0a3f">
      <![CDATA[org.openqa.selenium.NoSuchWindowException: no such window: target window already closed
from unknown error: web view not found
  (Session info: chrome=81.0.4044.138)
Build info: version: '3.141.59', revision: 'e82be7d358', time: '2018-11-14T08:17:03'
System info: host: 'DESKTOP-K0SRPQN', ip: '192.168.87.1', os.name: 'Windows 10', os.arch: 'amd64', os.version: '10.0', java.version: '11.0.2'
Driver info: org.openqa.selenium.chrome.ChromeDriver
Capabilities {acceptInsecureCerts: false, browserName: chrome, browserVersion: 81.0.4044.138, chrome: {chromedriverVersion: 80.0.3987.106 (f68069574609..., userDataDir: C:\Users\dell\AppData\Local...}, goog:chromeOptions: {debuggerAddress: localhost:1944}, javascriptEnabled: true, networkConnectionEnabled: false, pageLoadStrategy: normal, platform: WINDOWS, platformName: WINDOWS, proxy: Proxy(), setWindowRect: true, strictFileInteractability: false, timeouts: {implicit: 0, pageLoad: 300000, script: 30000}, unhandledPromptBehavior: dismiss and notify}
Session ID: db6d9b00832ad8f415b2ae0e3b4a0a3f
at org.openqa.selenium.remote.http.W3CHttpResponseCodec.createException(W3CHttpResponseCodec.java:187)
at org.openqa.selenium.remote.http.W3CHttpResponseCodec.decode(W3CHttpResponseCodec.java:122)
at org.openqa.selenium.remote.http.W3CHttpResponseCodec.decode(W3CHttpResponseCodec.java:49)
at org.openqa.selenium.remote.HttpCommandExecutor.execute(HttpCommandExecutor.java:158)
at org.openqa.selenium.remote.service.DriverCommandExecutor.execute(DriverCommandExecutor.java:83)
at org.openqa.selenium.remote.RemoteWebDriver.execute(RemoteWebDriver.java:552)
at org.openqa.selenium.remote.RemoteWebDriver.execute(RemoteWebDriver.java:609)
at org.openqa.selenium.remote.RemoteWebDriver$RemoteWebDriverOptions$RemoteWindow.maximize(RemoteWebDriver.java:837)
at Demp.Maven.IndianStateFileTest.navUrl(IndianStateFileTest.java:76)
... Removed 28 stack frames]]>
    </failure>
  </testcase> <!-- @BeforeTest navUrl -->
  <testcase classname="Demp.Maven.IndianSubDistrictFileTest" name="@BeforeTest navUrl" time="-1.590505622348E9">
    <skipped/>
  </testcase> <!-- @BeforeTest navUrl -->
  <testcase classname="Demp.Maven.PincodeFileTest" name="@BeforeTest navUrl" time="-1.59050562235E9">
    <skipped/>
  </testcase> <!-- @BeforeTest navUrl -->
  <testcase classname="Demp.Maven.GeojsonFileTest" name="@AfterTest terminate" time="-1.590505622785E9">
    <skipped/>
  </testcase> <!-- @AfterTest terminate -->
  <testcase classname="Demp.Maven.IndianDistrictFileTest" name="@AfterTest terminate" time="-1.590505622787E9">
    <skipped/>
  </testcase> <!-- @AfterTest terminate -->
  <testcase classname="Demp.Maven.IndianStateFileTest" name="@AfterTest terminate" time="-1.590505622789E9">
    <skipped/>
  </testcase> <!-- @AfterTest terminate -->
  <testcase classname="Demp.Maven.IndianSubDistrictFileTest" name="@AfterTest terminate" time="-1.590505622793E9">
    <skipped/>
  </testcase> <!-- @AfterTest terminate -->
  <testcase classname="Demp.Maven.PincodeFileTest" name="@AfterTest terminate" time="-1.590505622795E9">
    <skipped/>
  </testcase> <!-- @AfterTest terminate -->
  <testcase classname="Demp.Maven.IndianSubDistrictFileTest" name="indiaSubDistrictFile" time="0.0">
    <skipped/>
  </testcase> <!-- indiaSubDistrictFile -->
  <testcase classname="Demp.Maven.IndianDistrictFileTest" name="indianDistrictFile" time="0.0">
    <skipped/>
  </testcase> <!-- indianDistrictFile -->
  <testcase classname="Demp.Maven.PincodeFileTest" name="pincodeFile" time="0.0">
    <skipped/>
  </testcase> <!-- pincodeFile -->
  <testcase classname="Demp.Maven.IndianStateFileTest" name="indianStateFile" time="0.0">
    <skipped/>
  </testcase> <!-- indianStateFile -->
  <testcase classname="Demp.Maven.GeojsonFileTest" name="geojsonFile" time="0.0">
    <skipped/>
  </testcase> <!-- geojsonFile -->
  <testcase classname="Demp.Maven.AppTest" name="shouldAnswerWithTrue" time="0.0">
    <skipped/>
  </testcase> <!-- shouldAnswerWithTrue -->
</testsuite> <!-- class -->
