<?xml version="1.0" encoding="UTF-8"?>
<!-- Generated by org.testng.reporters.JUnitXMLReporter -->
<testsuite ignored="0" hostname="DESKTOP-K0SRPQN" failures="0" tests="5" name="Surefire test" time="388.281" errors="0" timestamp="2020-05-25T18:22:48 IST">
  <testcase classname="Demp.Maven.MapDataLabTest" name="@BeforeTest navUrl" time="386.562">
    <failure type="org.openqa.selenium.WebDriverException" message="chrome not reachable
  (Session info: chrome=81.0.4044.138)
Build info: version: &amp;apos;3.141.59&amp;apos;, revision: &amp;apos;e82be7d358&amp;apos;, time: &amp;apos;2018-11-14T08:17:03&amp;apos;
System info: host: &amp;apos;DESKTOP-K0SRPQN&amp;apos;, ip: &amp;apos;192.168.87.1&amp;apos;, os.name: &amp;apos;Windows 10&amp;apos;, os.arch: &amp;apos;amd64&amp;apos;, os.version: &amp;apos;10.0&amp;apos;, java.version: &amp;apos;11.0.2&amp;apos;
Driver info: org.openqa.selenium.chrome.ChromeDriver
Capabilities {acceptInsecureCerts: false, browserName: chrome, browserVersion: 81.0.4044.138, chrome: {chromedriverVersion: 80.0.3987.106 (f68069574609..., userDataDir: C:\Users\dell\AppData\Local...}, goog:chromeOptions: {debuggerAddress: localhost:30792}, javascriptEnabled: true, networkConnectionEnabled: false, pageLoadStrategy: normal, platform: WINDOWS, platformName: WINDOWS, proxy: Proxy(), setWindowRect: true, strictFileInteractability: false, timeouts: {implicit: 0, pageLoad: 300000, script: 30000}, unhandledPromptBehavior: dismiss and notify}
Session ID: 9d8542956a96ff43b421c0fe2f9321e6">
      <![CDATA[org.openqa.selenium.WebDriverException: chrome not reachable
  (Session info: chrome=81.0.4044.138)
Build info: version: '3.141.59', revision: 'e82be7d358', time: '2018-11-14T08:17:03'
System info: host: 'DESKTOP-K0SRPQN', ip: '192.168.87.1', os.name: 'Windows 10', os.arch: 'amd64', os.version: '10.0', java.version: '11.0.2'
Driver info: org.openqa.selenium.chrome.ChromeDriver
Capabilities {acceptInsecureCerts: false, browserName: chrome, browserVersion: 81.0.4044.138, chrome: {chromedriverVersion: 80.0.3987.106 (f68069574609..., userDataDir: C:\Users\dell\AppData\Local...}, goog:chromeOptions: {debuggerAddress: localhost:30792}, javascriptEnabled: true, networkConnectionEnabled: false, pageLoadStrategy: normal, platform: WINDOWS, platformName: WINDOWS, proxy: Proxy(), setWindowRect: true, strictFileInteractability: false, timeouts: {implicit: 0, pageLoad: 300000, script: 30000}, unhandledPromptBehavior: dismiss and notify}
Session ID: 9d8542956a96ff43b421c0fe2f9321e6
at org.openqa.selenium.remote.http.W3CHttpResponseCodec.createException(W3CHttpResponseCodec.java:187)
at org.openqa.selenium.remote.http.W3CHttpResponseCodec.decode(W3CHttpResponseCodec.java:122)
at org.openqa.selenium.remote.http.W3CHttpResponseCodec.decode(W3CHttpResponseCodec.java:49)
at org.openqa.selenium.remote.HttpCommandExecutor.execute(HttpCommandExecutor.java:158)
at org.openqa.selenium.remote.service.DriverCommandExecutor.execute(DriverCommandExecutor.java:83)
at org.openqa.selenium.remote.RemoteWebDriver.execute(RemoteWebDriver.java:552)
at org.openqa.selenium.remote.RemoteWebDriver.execute(RemoteWebDriver.java:609)
at org.openqa.selenium.remote.RemoteWebDriver.getTitle(RemoteWebDriver.java:281)
at Demp.Maven.MapDataLabTest.navUrl(MapDataLabTest.java:95)
... Removed 33 stack frames]]>
    </failure>
  </testcase> <!-- @BeforeTest navUrl -->
  <testcase classname="Demp.Maven.MapDataLabTest" name="@AfterTest terminate" time="-1.590411167307E9">
    <skipped/>
  </testcase> <!-- @AfterTest terminate -->
  <testcase classname="Demp.Maven.MapDataLabTest" name="geojsonFile" time="0.0">
    <skipped/>
  </testcase> <!-- geojsonFile -->
  <testcase classname="Demp.Maven.MapDataLabTest" name="indiaSubDistrictFile" time="0.0">
    <skipped/>
  </testcase> <!-- indiaSubDistrictFile -->
  <testcase classname="Demp.Maven.MapDataLabTest" name="indianDistrictFile" time="0.0">
    <skipped/>
  </testcase> <!-- indianDistrictFile -->
  <testcase classname="Demp.Maven.MapDataLabTest" name="indianStateFile" time="0.0">
    <skipped/>
  </testcase> <!-- indianStateFile -->
  <testcase classname="Demp.Maven.MapDataLabTest" name="pincodeFile" time="0.0">
    <skipped/>
  </testcase> <!-- pincodeFile -->
</testsuite> <!-- Surefire test -->
