<?xml version="1.0" encoding="UTF-8"?>
<!-- Generated by org.testng.reporters.JUnitReportReporter -->
<testsuite hostname="DESKTOP-K0SRPQN" failures="0" tests="9" name="Demp.Maven.MapDataLabTest2" time="80.929" errors="1" timestamp="2020-05-21T23:16:05 IST" skipped="7">
  <testcase classname="Demp.Maven.MapDataLabTest2" name="GeojsonFile" time="47.900">
    <skipped/>
  </testcase> <!-- GeojsonFile -->
  <testcase classname="Demp.Maven.MapDataLabTest2" name="Logout" time="0.000">
    <skipped/>
  </testcase> <!-- Logout -->
  <testcase classname="Demp.Maven.MapDataLabTest2" name="PincodeFile" time="0.000">
    <skipped/>
  </testcase> <!-- PincodeFile -->
  <testcase classname="Demp.Maven.MapDataLabTest2" name="IndianDistrictFile" time="0.000">
    <skipped/>
  </testcase> <!-- IndianDistrictFile -->
  <testcase classname="Demp.Maven.MapDataLabTest2" name="IndianStateFile" time="0.000">
    <skipped/>
  </testcase> <!-- IndianStateFile -->
  <testcase classname="Demp.Maven.MapDataLabTest2" name="LandingPage" time="0.000">
    <skipped/>
  </testcase> <!-- LandingPage -->
  <testcase classname="Demp.Maven.MapDataLabTest2" name="navUrl" time="20.040">
    <error message="session not created
from disconnected: received Inspector.detached event
  (Session info: chrome=81.0.4044.138)
Build info: version: &#039;3.141.59&#039;, revision: &#039;e82be7d358&#039;, time: &#039;2018-11-14T08:17:03&#039;
System info: host: &#039;DESKTOP-K0SRPQN&#039;, ip: &#039;192.168.87.1&#039;, os.name: &#039;Windows 10&#039;, os.arch: &#039;amd64&#039;, os.version: &#039;10.0&#039;, java.version: &#039;11.0.2&#039;
Driver info: driver.version: ChromeDriver
remote stacktrace: Backtrace:
	Ordinal0 [0x00E10C83+1707139]
	Ordinal0 [0x00D768F1+1075441]
	Ordinal0 [0x00CEDFC9+516041]
	Ordinal0 [0x00CE687B+485499]
	Ordinal0 [0x00CE6499+484505]
	Ordinal0 [0x00CE5D96+482710]
	Ordinal0 [0x00CE53AC+480172]
	Ordinal0 [0x00CE55D5+480725]
	Ordinal0 [0x00CE5035+479285]
	Ordinal0 [0x00CECD25+511269]
	Ordinal0 [0x00CE4FE8+479208]
	Ordinal0 [0x00CE5A3B+481851]
	Ordinal0 [0x00CE53AC+480172]
	Ordinal0 [0x00CE55D5+480725]
	Ordinal0 [0x00CE5035+479285]
	Ordinal0 [0x00CEB5AE+505262]
	Ordinal0 [0x00CE4FE8+479208]
	Ordinal0 [0x00CE5A3B+481851]
	Ordinal0 [0x00CE53AC+480172]
	Ordinal0 [0x00CE55D5+480725]
	Ordinal0 [0x00CE5035+479285]
	Ordinal0 [0x00CE9E1C+499228]
	Ordinal0 [0x00CE4FE8+479208]
	Ordinal0 [0x00CE5A3B+481851]
	Ordinal0 [0x00CE53AC+480172]
	Ordinal0 [0x00CE55D5+480725]
	Ordinal0 [0x00CE5035+479285]
	Ordinal0 [0x00CE94B7+496823]
	Ordinal0 [0x00CE4FE8+479208]
	Ordinal0 [0x00CE5A3B+481851]
	Ordinal0 [0x00CE53AC+480172]
	Ordinal0 [0x00CE55D5+480725]
	Ordinal0 [0x00CE5035+479285]
	Ordinal0 [0x00CE1B5C+465756]
	Ordinal0 [0x00CE4FE8+479208]
	Ordinal0 [0x00CE4EC4+478916]
	Ordinal0 [0x00CEECA0+519328]
	Ordinal0 [0x00C9CA67+182887]
	Ordinal0 [0x00C9BDDD+179677]
	Ordinal0 [0x00C99D4B+171339]
	Ordinal0 [0x00C81D4A+73034]
	Ordinal0 [0x00C82DC0+77248]
	Ordinal0 [0x00C82D59+77145]
	Ordinal0 [0x00D8BB67+1162087]
	GetHandleVerifier [0x00EAA966+508998]
	GetHandleVerifier [0x00EAA6A4+508292]
	GetHandleVerifier [0x00EBF7B7+594583]
	GetHandleVerifier [0x00EAB1D6+511158]
	Ordinal0 [0x00D8402C+1130540]
	Ordinal0 [0x00D8D4CB+1168587]
	Ordinal0 [0x00D8D633+1168947]
	Ordinal0 [0x00DA5B35+1268533]
	BaseThreadInitThunk [0x76FC6359+25]
	RtlGetAppContainerNamedObjectPath [0x77BD7C24+228]
	RtlGetAppContainerNamedObjectPath [0x77BD7BF4+180]
" type="org.openqa.selenium.SessionNotCreatedException">
      <![CDATA[org.openqa.selenium.SessionNotCreatedException: session not created
from disconnected: received Inspector.detached event
  (Session info: chrome=81.0.4044.138)
Build info: version: '3.141.59', revision: 'e82be7d358', time: '2018-11-14T08:17:03'
System info: host: 'DESKTOP-K0SRPQN', ip: '192.168.87.1', os.name: 'Windows 10', os.arch: 'amd64', os.version: '10.0', java.version: '11.0.2'
Driver info: driver.version: ChromeDriver
remote stacktrace: Backtrace:
Ordinal0 [0x00E10C83+1707139]
Ordinal0 [0x00D768F1+1075441]
Ordinal0 [0x00CEDFC9+516041]
Ordinal0 [0x00CE687B+485499]
Ordinal0 [0x00CE6499+484505]
Ordinal0 [0x00CE5D96+482710]
Ordinal0 [0x00CE53AC+480172]
Ordinal0 [0x00CE55D5+480725]
Ordinal0 [0x00CE5035+479285]
Ordinal0 [0x00CECD25+511269]
Ordinal0 [0x00CE4FE8+479208]
Ordinal0 [0x00CE5A3B+481851]
Ordinal0 [0x00CE53AC+480172]
Ordinal0 [0x00CE55D5+480725]
Ordinal0 [0x00CE5035+479285]
Ordinal0 [0x00CEB5AE+505262]
Ordinal0 [0x00CE4FE8+479208]
Ordinal0 [0x00CE5A3B+481851]
Ordinal0 [0x00CE53AC+480172]
Ordinal0 [0x00CE55D5+480725]
Ordinal0 [0x00CE5035+479285]
Ordinal0 [0x00CE9E1C+499228]
Ordinal0 [0x00CE4FE8+479208]
Ordinal0 [0x00CE5A3B+481851]
Ordinal0 [0x00CE53AC+480172]
Ordinal0 [0x00CE55D5+480725]
Ordinal0 [0x00CE5035+479285]
Ordinal0 [0x00CE94B7+496823]
Ordinal0 [0x00CE4FE8+479208]
Ordinal0 [0x00CE5A3B+481851]
Ordinal0 [0x00CE53AC+480172]
Ordinal0 [0x00CE55D5+480725]
Ordinal0 [0x00CE5035+479285]
Ordinal0 [0x00CE1B5C+465756]
Ordinal0 [0x00CE4FE8+479208]
Ordinal0 [0x00CE4EC4+478916]
Ordinal0 [0x00CEECA0+519328]
Ordinal0 [0x00C9CA67+182887]
Ordinal0 [0x00C9BDDD+179677]
Ordinal0 [0x00C99D4B+171339]
Ordinal0 [0x00C81D4A+73034]
Ordinal0 [0x00C82DC0+77248]
Ordinal0 [0x00C82D59+77145]
Ordinal0 [0x00D8BB67+1162087]
GetHandleVerifier [0x00EAA966+508998]
GetHandleVerifier [0x00EAA6A4+508292]
GetHandleVerifier [0x00EBF7B7+594583]
GetHandleVerifier [0x00EAB1D6+511158]
Ordinal0 [0x00D8402C+1130540]
Ordinal0 [0x00D8D4CB+1168587]
Ordinal0 [0x00D8D633+1168947]
Ordinal0 [0x00DA5B35+1268533]
BaseThreadInitThunk [0x76FC6359+25]
RtlGetAppContainerNamedObjectPath [0x77BD7C24+228]
RtlGetAppContainerNamedObjectPath [0x77BD7BF4+180]

at java.base/jdk.internal.reflect.NativeConstructorAccessorImpl.newInstance0(Native Method)
at java.base/jdk.internal.reflect.NativeConstructorAccessorImpl.newInstance(NativeConstructorAccessorImpl.java:62)
at java.base/jdk.internal.reflect.DelegatingConstructorAccessorImpl.newInstance(DelegatingConstructorAccessorImpl.java:45)
at java.base/java.lang.reflect.Constructor.newInstance(Constructor.java:490)
at org.openqa.selenium.remote.W3CHandshakeResponse.lambda$errorHandler$0(W3CHandshakeResponse.java:62)
at org.openqa.selenium.remote.HandshakeResponse.lambda$getResponseFunction$0(HandshakeResponse.java:30)
at org.openqa.selenium.remote.ProtocolHandshake.lambda$createSession$0(ProtocolHandshake.java:126)
at java.base/java.util.stream.ReferencePipeline$3$1.accept(ReferencePipeline.java:195)
at java.base/java.util.Spliterators$ArraySpliterator.tryAdvance(Spliterators.java:958)
at java.base/java.util.stream.ReferencePipeline.forEachWithCancel(ReferencePipeline.java:127)
at java.base/java.util.stream.AbstractPipeline.copyIntoWithCancel(AbstractPipeline.java:502)
at java.base/java.util.stream.AbstractPipeline.copyInto(AbstractPipeline.java:488)
at java.base/java.util.stream.AbstractPipeline.wrapAndCopyInto(AbstractPipeline.java:474)
at java.base/java.util.stream.FindOps$FindOp.evaluateSequential(FindOps.java:150)
at java.base/java.util.stream.AbstractPipeline.evaluate(AbstractPipeline.java:234)
at java.base/java.util.stream.ReferencePipeline.findFirst(ReferencePipeline.java:543)
at org.openqa.selenium.remote.ProtocolHandshake.createSession(ProtocolHandshake.java:128)
at org.openqa.selenium.remote.ProtocolHandshake.createSession(ProtocolHandshake.java:74)
at org.openqa.selenium.remote.HttpCommandExecutor.execute(HttpCommandExecutor.java:136)
at org.openqa.selenium.remote.service.DriverCommandExecutor.execute(DriverCommandExecutor.java:83)
at org.openqa.selenium.remote.RemoteWebDriver.execute(RemoteWebDriver.java:552)
at org.openqa.selenium.remote.RemoteWebDriver.startSession(RemoteWebDriver.java:213)
at org.openqa.selenium.remote.RemoteWebDriver.<init>(RemoteWebDriver.java:131)
at org.openqa.selenium.chrome.ChromeDriver.<init>(ChromeDriver.java:181)
at org.openqa.selenium.chrome.ChromeDriver.<init>(ChromeDriver.java:168)
at org.openqa.selenium.chrome.ChromeDriver.<init>(ChromeDriver.java:123)
at Resources.Base.IntializeDriver(Base.java:36)
at Demp.Maven.MapDataLabTest2.navUrl(MapDataLabTest2.java:77)
at java.base/jdk.internal.reflect.NativeMethodAccessorImpl.invoke0(Native Method)
at java.base/jdk.internal.reflect.NativeMethodAccessorImpl.invoke(NativeMethodAccessorImpl.java:62)
at java.base/jdk.internal.reflect.DelegatingMethodAccessorImpl.invoke(DelegatingMethodAccessorImpl.java:43)
at java.base/java.lang.reflect.Method.invoke(Method.java:566)
at org.testng.internal.MethodInvocationHelper.invokeMethod(MethodInvocationHelper.java:133)
at org.testng.internal.MethodInvocationHelper.invokeMethodConsideringTimeout(MethodInvocationHelper.java:62)
at org.testng.internal.ConfigInvoker.invokeConfigurationMethod(ConfigInvoker.java:340)
at org.testng.internal.ConfigInvoker.invokeConfigurations(ConfigInvoker.java:294)
at org.testng.internal.TestInvoker.runConfigMethods(TestInvoker.java:683)
at org.testng.internal.TestInvoker.invokeMethod(TestInvoker.java:510)
at org.testng.internal.TestInvoker.invokeTestMethod(TestInvoker.java:172)
at org.testng.internal.MethodRunner.runInSequence(MethodRunner.java:46)
at org.testng.internal.TestInvoker$MethodInvocationAgent.invoke(TestInvoker.java:804)
at org.testng.internal.TestInvoker.invokeTestMethods(TestInvoker.java:145)
at org.testng.internal.TestMethodWorker.invokeTestMethods(TestMethodWorker.java:146)
at org.testng.internal.TestMethodWorker.run(TestMethodWorker.java:128)
at java.base/java.util.ArrayList.forEach(ArrayList.java:1540)
at org.testng.TestRunner.privateRun(TestRunner.java:770)
at org.testng.TestRunner.run(TestRunner.java:591)
at org.testng.SuiteRunner.runTest(SuiteRunner.java:402)
at org.testng.SuiteRunner.runSequentially(SuiteRunner.java:396)
at org.testng.SuiteRunner.privateRun(SuiteRunner.java:355)
at org.testng.SuiteRunner.run(SuiteRunner.java:304)
at org.testng.SuiteRunnerWorker.runSuite(SuiteRunnerWorker.java:53)
at org.testng.SuiteRunnerWorker.run(SuiteRunnerWorker.java:96)
at org.testng.TestNG.runSuitesSequentially(TestNG.java:1180)
at org.testng.TestNG.runSuitesLocally(TestNG.java:1102)
at org.testng.TestNG.runSuites(TestNG.java:1032)
at org.testng.TestNG.run(TestNG.java:1000)
at org.testng.remote.AbstractRemoteTestNG.run(AbstractRemoteTestNG.java:115)
at org.testng.remote.RemoteTestNG.initAndRun(RemoteTestNG.java:251)
at org.testng.remote.RemoteTestNG.main(RemoteTestNG.java:77)
]]>
    </error>
  </testcase> <!-- navUrl -->
  <testcase classname="Demp.Maven.MapDataLabTest2" name="Login" time="0.000">
    <skipped/>
  </testcase> <!-- Login -->
  <testcase classname="Demp.Maven.MapDataLabTest2" name="Dashboard" time="12.989"/>
</testsuite> <!-- Demp.Maven.MapDataLabTest2 -->
